<testsuite errors="1" failures="0" name="Django Project Tests" skips="0" tests="31" time="0.286"><testcase classname="MySite.tests.test_models.AppointModelTest" name="test_appointdate_future" time="0.000000" /><testcase classname="MySite.tests.test_models.AppointModelTest" name="test_it_has_information_fields" time="0.000000" /><testcase classname="MySite.tests.test_models.DoctorModelTest" name="test_it_has_information_fields" time="0.000000" /><testcase classname="MySite.tests.test_models.PatientModelTest" name="test_it_has_information_fields" time="0.000000" /><testcase classname="MySite.tests.test_models.PersonModelTest" name="test_it_has_information_fields" time="0.000000" /><testcase classname="MySite.tests.test_models.docprofileModelTest" name="test_it_has_information_fields" time="0.000000" /><testcase classname="MySite.tests.test_views.PageLoadViewTest" name="testViewAboutLoad" time="0.026922" /><testcase classname="MySite.tests.test_views.PageLoadViewTest" name="testViewAmdLoad" time="0.025925" /><testcase classname="MySite.tests.test_views.PageLoadViewTest" name="testViewAuthLoad" time="0.008975" /><testcase classname="MySite.tests.test_views.PageLoadViewTest" name="testViewContactsLoad" time="0.008034" /><testcase classname="MySite.tests.test_views.PageLoadViewTest" name="testViewRegisterLoad" time="0.008976" /><testcase classname="MySite.tests.test_views.PageLoadViewTest" name="testViewUserpageDoctorLoad" time="0.017033" /><testcase classname="MySite.tests.test_views.PageLoadViewTest" name="testViewUserpagePatientLoad" time="0.021982" /><testcase classname="MySite.tests.test_views.ViewFuncTest" name="testDeleteAppointmentFuncView" time="0.028021" /><testcase classname="MySite.tests.test_views.ViewFuncTest" name="testDeleteUserFuncView" time="0.026935" /><testcase classname="MySite.tests.test_views.ViewFuncTest" name="testDeleteUserFuncView" time="0.027892"><error message="The row in table 'MySite_appoint' with primary key '1' has an invalid foreign key: MySite_appoint.patient_id contains a value '1' that does not have a corresponding value in MySite_patient.id." type="django.db.utils.IntegrityError">Traceback (most recent call last):
  File "C:\Users\cavia\AppData\Local\Programs\Python\Python37\lib\site-packages\django\test\testcases.py", line 282, in _setup_and_call
    self._post_teardown()
  File "C:\Users\cavia\AppData\Local\Programs\Python\Python37\lib\site-packages\django\test\testcases.py", line 1005, in _post_teardown
    self._fixture_teardown()
  File "C:\Users\cavia\AppData\Local\Programs\Python\Python37\lib\site-packages\django\test\testcases.py", line 1163, in _fixture_teardown
    connections[db_name].check_constraints()
  File "C:\Users\cavia\AppData\Local\Programs\Python\Python37\lib\site-packages\django\db\backends\sqlite3\base.py", line 348, in check_constraints
    bad_value, referenced_table_name, referenced_column_name
django.db.utils.IntegrityError: The row in table 'MySite_appoint' with primary key '1' has an invalid foreign key: MySite_appoint.patient_id contains a value '1' that does not have a corresponding value in MySite_patient.id.
</error></testcase><testcase classname="MySite.tests.test_views.ViewFuncTest" name="testLoginFuncView" time="0.012933" /><testcase classname="MySite.tests.test_views.ViewFuncTest" name="testLogoutFuncView" time="0.019948" /><testcase classname="MySite.tests.test_views.ViewFuncTest" name="testRegisterAdmFuncView" time="0.011967" /><testcase classname="MySite.tests.test_views.ViewFuncTest" name="testRegisterFuncView" time="0.012003" /><testcase classname="MySite.tests.test_forms.RegisterTestForms" name="testLoginFormLongLogin" time="0.000993" /><testcase classname="MySite.tests.test_forms.RegisterTestForms" name="testLoginFormLongPass" time="0.000000" /><testcase classname="MySite.tests.test_forms.RegisterTestForms" name="testLoginFormShortLogin" time="0.000000" /><testcase classname="MySite.tests.test_forms.RegisterTestForms" name="testLoginFormShortPass" time="0.000000" /><testcase classname="MySite.tests.test_forms.RegisterTestForms" name="testLoginFormValid" time="0.000000" /><testcase classname="MySite.tests.test_forms.RegisterTestForms" name="testRegisterFormLongLogin" time="0.000000" /><testcase classname="MySite.tests.test_forms.RegisterTestForms" name="testRegisterFormLongName" time="0.000000" /><testcase classname="MySite.tests.test_forms.RegisterTestForms" name="testRegisterFormLongPassword" time="0.000000" /><testcase classname="MySite.tests.test_forms.RegisterTestForms" name="testRegisterFormShortLogin" time="0.001030" /><testcase classname="MySite.tests.test_forms.RegisterTestForms" name="testRegisterFormShortName" time="0.000000" /><testcase classname="MySite.tests.test_forms.RegisterTestForms" name="testRegisterFormShortPassword" time="0.000000" /><testcase classname="MySite.tests.test_forms.RegisterTestForms" name="testRegisterFormValid" time="0.000000" /></testsuite>